Symbol range map extraction starting
Processing 85 files
startProcessing "com\tingkai\overwatch\Config.java" md5: 8020046a334aafae1e7ba91b35b09e5f
Cache Hit!
endProcessing "com\tingkai\overwatch\Config.java"

startProcessing "com\tingkai\overwatch\Overwatch.java" md5: dc017cbd7a5ac785b0018e5aa8bb1678
endProcessing "com\tingkai\overwatch\Overwatch.java"

startProcessing "com\tingkai\overwatch\OverwatchTab.java" md5: b4d7d9e3c8921eed4041b40783e6f45e
endProcessing "com\tingkai\overwatch\OverwatchTab.java"

startProcessing "com\tingkai\overwatch\command\CommandDev.java" md5: 045ae2225fb008eedb576051100aab19
Cache Hit!
endProcessing "com\tingkai\overwatch\command\CommandDev.java"

startProcessing "com\tingkai\overwatch\command\CommandOverwatch.java" md5: bbd8569ec2df188c78db31ee316531e3
Cache Hit!
endProcessing "com\tingkai\overwatch\command\CommandOverwatch.java"

startProcessing "com\tingkai\overwatch\entities\EntityAnaBullet.java" md5: df9ce2851a0e45c35773c866c0384e85
Cache Hit!
endProcessing "com\tingkai\overwatch\entities\EntityAnaBullet.java"

startProcessing "com\tingkai\overwatch\entities\EntityBastionBullet.java" md5: 90cffa5627422f8d517665967088e15f
Cache Hit!
endProcessing "com\tingkai\overwatch\entities\EntityBastionBullet.java"

startProcessing "com\tingkai\overwatch\entities\EntityGenjiShuriken.java" md5: 6a85adec4121498dec2c695340ba0bdb
Cache Hit!
endProcessing "com\tingkai\overwatch\entities\EntityGenjiShuriken.java"

startProcessing "com\tingkai\overwatch\entities\EntityHanzoArrow.java" md5: ba0ef621eb728fcb5e9c572ecf09ccae
Cache Hit!
endProcessing "com\tingkai\overwatch\entities\EntityHanzoArrow.java"

startProcessing "com\tingkai\overwatch\entities\EntityHanzoScatterArrow.java" md5: 1398d1c23c57327b67845a712be48a29
Cache Hit!
endProcessing "com\tingkai\overwatch\entities\EntityHanzoScatterArrow.java"

startProcessing "com\tingkai\overwatch\entities\EntityHanzoSonicArrow.java" md5: 95f0e76fcdf2af0ecaba2d927fb81fb8
Cache Hit!
endProcessing "com\tingkai\overwatch\entities\EntityHanzoSonicArrow.java"

startProcessing "com\tingkai\overwatch\entities\EntityMcCreeBullet.java" md5: 114ca34b5e2a37ee9b57554c8b5319e1
Cache Hit!
endProcessing "com\tingkai\overwatch\entities\EntityMcCreeBullet.java"

startProcessing "com\tingkai\overwatch\entities\EntityMeiBlast.java" md5: f7c0507976c3fa816c7b86595e7bb43b
Cache Hit!
endProcessing "com\tingkai\overwatch\entities\EntityMeiBlast.java"

startProcessing "com\tingkai\overwatch\entities\EntityMeiIcicle.java" md5: 7b6a44b661eb4278c484beecc4cdecda
Cache Hit!
endProcessing "com\tingkai\overwatch\entities\EntityMeiIcicle.java"

startProcessing "com\tingkai\overwatch\entities\EntityModThrowable.java" md5: 9abdd98b3806677209d34aae89fc260d
Cache Hit!
endProcessing "com\tingkai\overwatch\entities\EntityModThrowable.java"

startProcessing "com\tingkai\overwatch\entities\EntityReaperBullet.java" md5: 520d2e8cbaa6184a285573d591a4b093
Cache Hit!
endProcessing "com\tingkai\overwatch\entities\EntityReaperBullet.java"

startProcessing "com\tingkai\overwatch\entities\EntitySoldier76Bullet.java" md5: 839a4fdcf56ecdf2477d42d087e92b94
Cache Hit!
endProcessing "com\tingkai\overwatch\entities\EntitySoldier76Bullet.java"

startProcessing "com\tingkai\overwatch\entities\EntitySoldier76HelixRocket.java" md5: e2460b8bd287035bb6648253462db6e2
Cache Hit!
endProcessing "com\tingkai\overwatch\entities\EntitySoldier76HelixRocket.java"

startProcessing "com\tingkai\overwatch\entities\EntityTracerBullet.java" md5: 190b6ad1da268f255fbe1b00b4a6be1c
Cache Hit!
endProcessing "com\tingkai\overwatch\entities\EntityTracerBullet.java"

startProcessing "com\tingkai\overwatch\entities\EntityWidowmakerBullet.java" md5: 64e294bf304f7155aca06b74eaf939b2
Cache Hit!
endProcessing "com\tingkai\overwatch\entities\EntityWidowmakerBullet.java"

startProcessing "com\tingkai\overwatch\entities\ModEntities.java" md5: d79b53a62cf6e7f964e7ae459384e2bb
Cache Hit!
endProcessing "com\tingkai\overwatch\entities\ModEntities.java"

startProcessing "com\tingkai\overwatch\gui\EntityGuiPlayer.java" md5: 931c4b235793976e6803859b1d27745d
Cache Hit!
endProcessing "com\tingkai\overwatch\gui\EntityGuiPlayer.java"

startProcessing "com\tingkai\overwatch\gui\GuiDisplay.java" md5: 44a53226d55a2e171860254483b3d0cf
Cache Hit!
endProcessing "com\tingkai\overwatch\gui\GuiDisplay.java"

startProcessing "com\tingkai\overwatch\gui\GuiFactory.java" md5: 7b42b205cb42390ed05c77cba6deee0f
Cache Hit!
endProcessing "com\tingkai\overwatch\gui\GuiFactory.java"

startProcessing "com\tingkai\overwatch\gui\OverwatchGuiConfig.java" md5: 8551ffb6b7bdfcdbe413a7af7cf3fb22
Cache Hit!
endProcessing "com\tingkai\overwatch\gui\OverwatchGuiConfig.java"

startProcessing "com\tingkai\overwatch\hero\Ability.java" md5: 511337f93073e64d6f4f5a7cadbdcdbb
Cache Hit!
endProcessing "com\tingkai\overwatch\hero\Ability.java"

startProcessing "com\tingkai\overwatch\hero\EnumHero.java" md5: fe7010a3e81d2e66da13b2c8739fb947
endProcessing "com\tingkai\overwatch\hero\EnumHero.java"

startProcessing "com\tingkai\overwatch\items\ItemModToken.java" md5: 83963ef382a09b4ad5802a3d1494ac51
Cache Hit!
endProcessing "com\tingkai\overwatch\items\ItemModToken.java"

startProcessing "com\tingkai\overwatch\items\Logo.java" md5: bdeb4898f2707c893b82748c0c3efb92
endProcessing "com\tingkai\overwatch\items\Logo.java"

startProcessing "com\tingkai\overwatch\items\ModItems.java" md5: aeb3877906a6fa939e3f98efb7fdb232
endProcessing "com\tingkai\overwatch\items\ModItems.java"

startProcessing "com\tingkai\overwatch\items\armors\ItemModArmor.java" md5: 60068f81da08a70d7af617c9b3e64b8c
Cache Hit!
endProcessing "com\tingkai\overwatch\items\armors\ItemModArmor.java"

startProcessing "com\tingkai\overwatch\items\weapons\ItemAnaRifle.java" md5: dedfbd08e45b1a2d15a59994ecb7ba41
Cache Hit!
endProcessing "com\tingkai\overwatch\items\weapons\ItemAnaRifle.java"

startProcessing "com\tingkai\overwatch\items\weapons\ItemBastionGun.java" md5: c5fecf4fcbd6234f71336832400fb714
Cache Hit!
endProcessing "com\tingkai\overwatch\items\weapons\ItemBastionGun.java"

startProcessing "com\tingkai\overwatch\items\weapons\ItemGenjiShuriken.java" md5: c96e76217b4331dda8f258bcd4843f25
endProcessing "com\tingkai\overwatch\items\weapons\ItemGenjiShuriken.java"

startProcessing "com\tingkai\overwatch\items\weapons\ItemHanzoBow.java" md5: eca43e2d0a4db20c031061fa010476a9
Cache Hit!
endProcessing "com\tingkai\overwatch\items\weapons\ItemHanzoBow.java"

startProcessing "com\tingkai\overwatch\items\weapons\ItemMcCreeGun.java" md5: a8d8965fee3124026935105e5f818bb3
Cache Hit!
endProcessing "com\tingkai\overwatch\items\weapons\ItemMcCreeGun.java"

startProcessing "com\tingkai\overwatch\items\weapons\ItemMeiBlaster.java" md5: 058dcc5d30ff4dbc9c135ce75a48d42b
Cache Hit!
endProcessing "com\tingkai\overwatch\items\weapons\ItemMeiBlaster.java"

startProcessing "com\tingkai\overwatch\items\weapons\ItemModWeapon.java" md5: 72248249ea91155fd74b99666a7c414b
Cache Hit!
endProcessing "com\tingkai\overwatch\items\weapons\ItemModWeapon.java"

startProcessing "com\tingkai\overwatch\items\weapons\ItemReaperShotgun.java" md5: ac8985898ba0752bb3476623b986c561
Cache Hit!
endProcessing "com\tingkai\overwatch\items\weapons\ItemReaperShotgun.java"

startProcessing "com\tingkai\overwatch\items\weapons\ItemReinhardtHammer.java" md5: 893f0a4505d57a3b81e62d39bef7a188
Cache Hit!
endProcessing "com\tingkai\overwatch\items\weapons\ItemReinhardtHammer.java"

startProcessing "com\tingkai\overwatch\items\weapons\ItemSoldier76Gun.java" md5: 45d769a32b767f726d9ce701993a4366
Cache Hit!
endProcessing "com\tingkai\overwatch\items\weapons\ItemSoldier76Gun.java"

startProcessing "com\tingkai\overwatch\items\weapons\ItemTracerPistol.java" md5: b48dcc3414e811a7ad2cc9cd80ffa65a
Cache Hit!
endProcessing "com\tingkai\overwatch\items\weapons\ItemTracerPistol.java"

startProcessing "com\tingkai\overwatch\items\weapons\ItemWidowmakerRifle.java" md5: fee847a50226d61ec8c25c6a37b53732
Cache Hit!
endProcessing "com\tingkai\overwatch\items\weapons\ItemWidowmakerRifle.java"

startProcessing "com\tingkai\overwatch\key\Keys.java" md5: 244e64c6ab1c829860c72d63ce2db35b
Cache Hit!
endProcessing "com\tingkai\overwatch\key\Keys.java"

startProcessing "com\tingkai\overwatch\messages\CPacketSyncKeys.java" md5: 3b5e300fc21d0d025b9dec73b1d43dee
Cache Hit!
endProcessing "com\tingkai\overwatch\messages\CPacketSyncKeys.java"

startProcessing "com\tingkai\overwatch\messages\SPacketPotionEffect.java" md5: 4aa3787dd2237cc3a7f399d1c2ef389f
Cache Hit!
endProcessing "com\tingkai\overwatch\messages\SPacketPotionEffect.java"

startProcessing "com\tingkai\overwatch\messages\SPacketSpawnParticle.java" md5: de1f3fb9bf03ddb9c426852e31fbce79
Cache Hit!
endProcessing "com\tingkai\overwatch\messages\SPacketSpawnParticle.java"

startProcessing "com\tingkai\overwatch\messages\SPacketSyncAbilityUses.java" md5: 75b12a83d1bbe84909c229512568bd36
Cache Hit!
endProcessing "com\tingkai\overwatch\messages\SPacketSyncAbilityUses.java"

startProcessing "com\tingkai\overwatch\messages\SPacketSyncAmmo.java" md5: 021692f14a9228eb9662406b90effb81
Cache Hit!
endProcessing "com\tingkai\overwatch\messages\SPacketSyncAmmo.java"

startProcessing "com\tingkai\overwatch\messages\SPacketSyncCooldown.java" md5: 78cc404402c45bfc5cf9dcda8e7eaee7
Cache Hit!
endProcessing "com\tingkai\overwatch\messages\SPacketSyncCooldown.java"

startProcessing "com\tingkai\overwatch\messages\SPacketSyncSpawningEntity.java" md5: f240b8a2efdf9052a4a95804d23d8807
Cache Hit!
endProcessing "com\tingkai\overwatch\messages\SPacketSyncSpawningEntity.java"

startProcessing "com\tingkai\overwatch\messages\SPacketTriggerAbility.java" md5: ab40b8279bd53208f6a96cd4439b4041
Cache Hit!
endProcessing "com\tingkai\overwatch\messages\SPacketTriggerAbility.java"

startProcessing "com\tingkai\overwatch\model\ModelAnaBullet.java" md5: 919513c37cadf58611cc1fa8aad661e1
Cache Hit!
endProcessing "com\tingkai\overwatch\model\ModelAnaBullet.java"

startProcessing "com\tingkai\overwatch\model\ModelMcCreeBullet.java" md5: ac42b441f495d81862a2e460a7a84dd4
Cache Hit!
endProcessing "com\tingkai\overwatch\model\ModelMcCreeBullet.java"

startProcessing "com\tingkai\overwatch\model\ModelReaperBullet.java" md5: 47e6dc781dbf160c69b84a420898030d
Cache Hit!
endProcessing "com\tingkai\overwatch\model\ModelReaperBullet.java"

startProcessing "com\tingkai\overwatch\model\ModelSoldier76Bullet.java" md5: bf0d9bf4b01df5e7e092a9e9f8560de8
Cache Hit!
endProcessing "com\tingkai\overwatch\model\ModelSoldier76Bullet.java"

startProcessing "com\tingkai\overwatch\model\ModelTracerBullet.java" md5: 3a53771cb067ad4ef54ceb03cf9b1e19
Cache Hit!
endProcessing "com\tingkai\overwatch\model\ModelTracerBullet.java"

startProcessing "com\tingkai\overwatch\model\ModelWidowmakerBullet.java" md5: 0232e4d6b66607eca6d0e6b2bd1181e4
Cache Hit!
endProcessing "com\tingkai\overwatch\model\ModelWidowmakerBullet.java"

startProcessing "com\tingkai\overwatch\particles\ParticleAnaHealth.java" md5: 4f384e51b3ed16b3c6d251b179316526
Cache Hit!
endProcessing "com\tingkai\overwatch\particles\ParticleAnaHealth.java"

startProcessing "com\tingkai\overwatch\particles\ParticleHanzoSonic.java" md5: 436a0770223e32ac8d2349d66fb8c988
Cache Hit!
endProcessing "com\tingkai\overwatch\particles\ParticleHanzoSonic.java"

startProcessing "com\tingkai\overwatch\particles\ParticleMeiBlaster.java" md5: 6a08f737d16641e38a00da89ff69c0e3
Cache Hit!
endProcessing "com\tingkai\overwatch\particles\ParticleMeiBlaster.java"

startProcessing "com\tingkai\overwatch\particles\ParticleReaperTeleport.java" md5: e4c7d98c9af65e6c3eb4e0ce67f60596
Cache Hit!
endProcessing "com\tingkai\overwatch\particles\ParticleReaperTeleport.java"

startProcessing "com\tingkai\overwatch\particles\ParticleSmoke.java" md5: 203bd384787fdb46109929b5598d572c
Cache Hit!
endProcessing "com\tingkai\overwatch\particles\ParticleSmoke.java"

startProcessing "com\tingkai\overwatch\particles\ParticleSpark.java" md5: 5843ed2e4938d39f1cfa2a8f2677907c
Cache Hit!
endProcessing "com\tingkai\overwatch\particles\ParticleSpark.java"

startProcessing "com\tingkai\overwatch\particles\ParticleTrail.java" md5: 988f46a7c4f72920a83f9c4fccf2ba19
Cache Hit!
endProcessing "com\tingkai\overwatch\particles\ParticleTrail.java"

startProcessing "com\tingkai\overwatch\potions\ModPotions.java" md5: 8c3e705318dcf232d0c1eabda8a20538
Cache Hit!
endProcessing "com\tingkai\overwatch\potions\ModPotions.java"

startProcessing "com\tingkai\overwatch\potions\PotionFrozen.java" md5: 3a24e53e073ac71923e4d86d0fe99259
Cache Hit!
endProcessing "com\tingkai\overwatch\potions\PotionFrozen.java"

startProcessing "com\tingkai\overwatch\proxy\ClientProxy.java" md5: b76a51fd1c7e5110111bf4679d0aaadf
Cache Hit!
endProcessing "com\tingkai\overwatch\proxy\ClientProxy.java"

startProcessing "com\tingkai\overwatch\proxy\CommonProxy.java" md5: 73f2637d288fe6e3d229de4f2c42f27b
Cache Hit!
endProcessing "com\tingkai\overwatch\proxy\CommonProxy.java"

startProcessing "com\tingkai\overwatch\recipe\ShapelessMatchingDamageRecipe.java" md5: c7819926d701b236062eb75b8ad83aaa
Cache Hit!
endProcessing "com\tingkai\overwatch\recipe\ShapelessMatchingDamageRecipe.java"

startProcessing "com\tingkai\overwatch\render\RenderAnaBullet.java" md5: 1f7f433232302d2793eeae7909994a63
Cache Hit!
endProcessing "com\tingkai\overwatch\render\RenderAnaBullet.java"

startProcessing "com\tingkai\overwatch\render\RenderBastionBullet.java" md5: e5906e4ccbd87d9d5ddff48dbf7e86f8
Cache Hit!
endProcessing "com\tingkai\overwatch\render\RenderBastionBullet.java"

startProcessing "com\tingkai\overwatch\render\RenderGenjiShuriken.java" md5: bf7d9c89a3edbcf95c96cfc18688673f
Cache Hit!
endProcessing "com\tingkai\overwatch\render\RenderGenjiShuriken.java"

startProcessing "com\tingkai\overwatch\render\RenderHanzoArrow.java" md5: db75654647b1877e9a3e9efa77dc7a4f
Cache Hit!
endProcessing "com\tingkai\overwatch\render\RenderHanzoArrow.java"

startProcessing "com\tingkai\overwatch\render\RenderHanzoScatterArrow.java" md5: 7e5dae73a18cb99adaa2ac3a0c8d6004
Cache Hit!
endProcessing "com\tingkai\overwatch\render\RenderHanzoScatterArrow.java"

startProcessing "com\tingkai\overwatch\render\RenderHanzoSonicArrow.java" md5: 33a9e62af61faca9470187fa295c81c4
Cache Hit!
endProcessing "com\tingkai\overwatch\render\RenderHanzoSonicArrow.java"

startProcessing "com\tingkai\overwatch\render\RenderInvisible.java" md5: 874d99a030a597faeb557b01a2618914
Cache Hit!
endProcessing "com\tingkai\overwatch\render\RenderInvisible.java"

startProcessing "com\tingkai\overwatch\render\RenderMcCreeBullet.java" md5: 33daed0555e67de4c96bcada7799fba3
Cache Hit!
endProcessing "com\tingkai\overwatch\render\RenderMcCreeBullet.java"

startProcessing "com\tingkai\overwatch\render\RenderMeiIcicle.java" md5: 336867be4b4491dde8918f87cccbb062
Cache Hit!
endProcessing "com\tingkai\overwatch\render\RenderMeiIcicle.java"

startProcessing "com\tingkai\overwatch\render\RenderOBJModel.java" md5: d7d16f5745d135ebe3552b446512c061
Cache Hit!
endProcessing "com\tingkai\overwatch\render\RenderOBJModel.java"

startProcessing "com\tingkai\overwatch\render\RenderReaperBullet.java" md5: 05d22192f31471470ca7004087581c09
Cache Hit!
endProcessing "com\tingkai\overwatch\render\RenderReaperBullet.java"

startProcessing "com\tingkai\overwatch\render\RenderSoldier76Bullet.java" md5: 403b37d6af768d4a2379c97c3078dc8b
Cache Hit!
endProcessing "com\tingkai\overwatch\render\RenderSoldier76Bullet.java"

startProcessing "com\tingkai\overwatch\render\RenderSoldier76HelixRocket.java" md5: c292c8ad95c96dd3d358fa357dfe6482
Cache Hit!
endProcessing "com\tingkai\overwatch\render\RenderSoldier76HelixRocket.java"

startProcessing "com\tingkai\overwatch\render\RenderTracerBullet.java" md5: 77ef988679fc4287f14ac8a5f053f357
Cache Hit!
endProcessing "com\tingkai\overwatch\render\RenderTracerBullet.java"

startProcessing "com\tingkai\overwatch\render\RenderWidowmakerBullet.java" md5: 5176965ba9bfc645691807d9f0b3d4d0
Cache Hit!
endProcessing "com\tingkai\overwatch\render\RenderWidowmakerBullet.java"

