[06:35:12] [Client thread/INFO]: Setting user: Player500
[06:35:18] [Client thread/WARN]: Skipping bad option: lastServer:
[06:35:18] [Client thread/INFO]: LWJGL Version: 2.9.4
[06:35:19] [Client thread/INFO]: [STDOUT]: ---- Minecraft Crash Report ----
// Daisy, daisy...

Time: 11/14/17 6:35 AM
Description: Loading screen debug info

This is just a prompt for computer specs to be printed. THIS IS NOT A ERROR


A detailed walkthrough of the error, its code path and all known details is as follows:
---------------------------------------------------------------------------------------

-- System Details --
Details:
	Minecraft Version: 1.11.2
	Operating System: Windows 7 (amd64) version 6.1
	Java Version: 1.8.0_141, Oracle Corporation
	Java VM Version: Java HotSpot(TM) 64-Bit Server VM (mixed mode), Oracle Corporation
	Memory: 907545800 bytes (865 MB) / 1038876672 bytes (990 MB) up to 1038876672 bytes (990 MB)
	JVM Flags: 3 total; -Xincgc -Xmx1024M -Xms1024M
	IntCache: cache: 0, tcache: 0, allocated: 0, tallocated: 0
	FML: 
	Loaded coremods (and transformers): 
	GL info: ' Vendor: 'NVIDIA Corporation' Version: '4.5.0 NVIDIA 385.69' Renderer: 'GeForce GTX 750/PCIe/SSE2'
[06:35:23] [Client thread/INFO]: Reloading ResourceManager: Default, FMLFileResourcePack:Forge Mod Loader, FMLFileResourcePack:Minecraft Forge, FMLFileResourcePack:Overwatch
[06:35:28] [Sound Library Loader/INFO]: Starting up SoundSystem...
[06:35:28] [Thread-8/INFO]: Initializing LWJGL OpenAL
[06:35:28] [Thread-8/INFO]: (The LWJGL binding of OpenAL.  For more information, see http://www.lwjgl.org)
[06:35:28] [Thread-8/INFO]: OpenAL initialized.
[06:35:29] [Sound Library Loader/INFO]: Sound engine started
[06:35:36] [Client thread/INFO]: Created: 16x16 textures-atlas
[06:35:38] [Client thread/INFO]: Reloading ResourceManager: Default, FMLFileResourcePack:Forge Mod Loader, FMLFileResourcePack:Minecraft Forge, FMLFileResourcePack:Overwatch
[06:35:42] [Client thread/INFO]: SoundSystem shutting down...
[06:35:42] [Client thread/WARN]: Author: Paul Lamb, www.paulscode.com
[06:35:42] [Sound Library Loader/INFO]: Starting up SoundSystem...
[06:35:42] [Thread-10/INFO]: Initializing LWJGL OpenAL
[06:35:42] [Thread-10/INFO]: (The LWJGL binding of OpenAL.  For more information, see http://www.lwjgl.org)
[06:35:42] [Thread-10/INFO]: OpenAL initialized.
[06:35:43] [Sound Library Loader/INFO]: Sound engine started
[06:35:48] [Client thread/INFO]: Created: 4096x4096 textures-atlas
[06:35:52] [Client thread/WARN]: Skipping bad option: lastServer:
[06:35:55] [Realms Notification Availability checker #1/INFO]: Could not authorize you against Realms server: Invalid session id
[06:36:07] [Server thread/INFO]: Starting integrated minecraft server version 1.11.2
[06:36:07] [Server thread/INFO]: Generating keypair
[06:36:08] [Server thread/INFO]: Preparing start region for level 0
[06:36:09] [Server thread/INFO]: Preparing spawn area: 25%
[06:36:10] [Server thread/INFO]: Changing view distance to 12, from 10
[06:36:13] [Server thread/INFO]: Player500[local:E:54c54a6a] logged in with entity id 171 at (274.5143856302336, 76.0, 296.86769419851424)
[06:36:13] [Server thread/INFO]: Player500 joined the game
[06:36:14] [Server thread/INFO]: Saving and pausing game...
[06:36:15] [Server thread/INFO]: Saving chunks for level 'New World'/Overworld
[06:36:15] [Server thread/INFO]: Saving chunks for level 'New World'/Nether
[06:36:15] [Server thread/INFO]: Saving chunks for level 'New World'/The End
[06:36:15] [pool-2-thread-1/WARN]: Couldn't look up profile properties for com.mojang.authlib.GameProfile@599362e1[id=3c098a03-04cc-31fd-856f-be4ccab4daf7,name=Player500,properties={},legacy=false]
com.mojang.authlib.exceptions.AuthenticationException: The client has sent too many requests within a certain amount of time
	at com.mojang.authlib.yggdrasil.YggdrasilAuthenticationService.makeRequest(YggdrasilAuthenticationService.java:79) ~[YggdrasilAuthenticationService.class:?]
	at com.mojang.authlib.yggdrasil.YggdrasilMinecraftSessionService.fillGameProfile(YggdrasilMinecraftSessionService.java:180) [YggdrasilMinecraftSessionService.class:?]
	at com.mojang.authlib.yggdrasil.YggdrasilMinecraftSessionService$1.load(YggdrasilMinecraftSessionService.java:60) [YggdrasilMinecraftSessionService$1.class:?]
	at com.mojang.authlib.yggdrasil.YggdrasilMinecraftSessionService$1.load(YggdrasilMinecraftSessionService.java:57) [YggdrasilMinecraftSessionService$1.class:?]
	at com.google.common.cache.LocalCache$LoadingValueReference.loadFuture(LocalCache.java:3524) [guava-17.0.jar:?]
	at com.google.common.cache.LocalCache$Segment.loadSync(LocalCache.java:2317) [guava-17.0.jar:?]
	at com.google.common.cache.LocalCache$Segment.lockedGetOrLoad(LocalCache.java:2280) [guava-17.0.jar:?]
	at com.google.common.cache.LocalCache$Segment.get(LocalCache.java:2195) [guava-17.0.jar:?]
	at com.google.common.cache.LocalCache.get(LocalCache.java:3934) [guava-17.0.jar:?]
	at com.google.common.cache.LocalCache.getOrLoad(LocalCache.java:3938) [guava-17.0.jar:?]
	at com.google.common.cache.LocalCache$LocalLoadingCache.get(LocalCache.java:4821) [guava-17.0.jar:?]
	at com.google.common.cache.LocalCache$LocalLoadingCache.getUnchecked(LocalCache.java:4827) [guava-17.0.jar:?]
	at com.mojang.authlib.yggdrasil.YggdrasilMinecraftSessionService.fillProfileProperties(YggdrasilMinecraftSessionService.java:170) [YggdrasilMinecraftSessionService.class:?]
	at net.minecraft.client.Minecraft.getProfileProperties(Minecraft.java:3056) [Minecraft.class:?]
	at net.minecraft.client.resources.SkinManager$3.run(SkinManager.java:138) [SkinManager$3.class:?]
	at java.util.concurrent.Executors$RunnableAdapter.call(Unknown Source) [?:1.8.0_141]
	at java.util.concurrent.FutureTask.run(Unknown Source) [?:1.8.0_141]
	at java.util.concurrent.ThreadPoolExecutor.runWorker(Unknown Source) [?:1.8.0_141]
	at java.util.concurrent.ThreadPoolExecutor$Worker.run(Unknown Source) [?:1.8.0_141]
	at java.lang.Thread.run(Unknown Source) [?:1.8.0_141]
[06:36:18] [Server thread/INFO]: Saving and pausing game...
[06:36:18] [Server thread/INFO]: Saving chunks for level 'New World'/Overworld
[06:36:18] [Server thread/INFO]: Saving chunks for level 'New World'/Nether
[06:36:18] [Server thread/INFO]: Saving chunks for level 'New World'/The End
[06:36:35] [Server thread/INFO]: Player500 has just earned the achievement [Taking Inventory]
[06:36:35] [Client thread/INFO]: [CHAT] Player500 has just earned the achievement [Taking Inventory]
[06:36:48] [Client thread/INFO]: [CHAT] Saved screenshot as 2017-11-14_06.36.47.png
[06:37:09] [Client thread/INFO]: [CHAT] Saved screenshot as 2017-11-14_06.37.09.png
[06:37:17] [Client thread/INFO]: [CHAT] Saved screenshot as 2017-11-14_06.37.17.png
[06:37:29] [Client thread/INFO]: [CHAT] Saved screenshot as 2017-11-14_06.37.29.png
[06:37:30] [Client thread/INFO]: [CHAT] Saved screenshot as 2017-11-14_06.37.29_2.png
[06:37:30] [Client thread/INFO]: [CHAT] Saved screenshot as 2017-11-14_06.37.30.png
[06:37:31] [Client thread/INFO]: [CHAT] Saved screenshot as 2017-11-14_06.37.30_2.png
[06:38:45] [Server thread/INFO]: Saving and pausing game...
[06:38:45] [Server thread/INFO]: Saving chunks for level 'New World'/Overworld
[06:38:46] [Server thread/INFO]: Saving chunks for level 'New World'/Nether
[06:38:46] [Server thread/INFO]: Saving chunks for level 'New World'/The End
[06:38:54] [Client thread/INFO]: Stopping!
[06:38:54] [Server thread/INFO]: Stopping server
[06:38:54] [Server thread/INFO]: Saving players
[06:38:54] [Server thread/INFO]: Saving worlds
[06:38:54] [Server thread/INFO]: Saving chunks for level 'New World'/Overworld
[06:38:54] [Server thread/INFO]: Saving chunks for level 'New World'/Nether
[06:38:54] [Server thread/INFO]: Saving chunks for level 'New World'/The End
[06:38:54] [Client thread/INFO]: SoundSystem shutting down...
[06:38:55] [Client thread/WARN]: Author: Paul Lamb, www.paulscode.com
